ISim log file
Running: C:\Users\nunoo\Documents\XilinxProjects\P1\MBtest_isim_beh.exe -intstyle ise -gui -tclbatch isim.cmd -wdb C:/Users/nunoo/Documents/XilinxProjects/P1/MBtest_isim_beh.wdb 
ISim P.20131013 (signature 0x7708f090)
WARNING: A WEBPACK license was found.
WARNING: Please use Xilinx License Configuration Manager to check out a full ISim license.
WARNING: ISim will run in Lite mode. Please refer to the ISim documentation for more information on the differences between the Lite and the Full version.
This is a Lite version of ISim.
Time resolution is 1 ps
# onerror resume
# wave add /
# run 1000 ns
Simulator is doing circuit initialization process.
at 0 ps, Instance /mbtest/uut/RAM/ : Warning: NUMERIC_STD.TO_INTEGER: metavalue detected, returning 0
Finished circuit initialization process.
at 0 ps, Instance /mbtest/uut/RAM/ : Warning: NUMERIC_STD.TO_INTEGER: metavalue detected, returning 0
at 25 ns(4), Instance /mbtest/uut/RAM/ : Warning: NUMERIC_STD.TO_INTEGER: metavalue detected, returning 0
at 35 ns(1), Instance /mbtest/uut/RAM/ : Warning: NUMERIC_STD.TO_INTEGER: metavalue detected, returning 0
at 35 ns(2), Instance /mbtest/uut/RAM/ : Warning: NUMERIC_STD.TO_INTEGER: metavalue detected, returning 0
at 45 ns(4), Instance /mbtest/uut/RAM/ : Warning: NUMERIC_STD.TO_INTEGER: metavalue detected, returning 0
at 55 ns(1), Instance /mbtest/uut/RAM/ : Warning: NUMERIC_STD.TO_INTEGER: metavalue detected, returning 0
at 55 ns(2), Instance /mbtest/uut/RAM/ : Warning: NUMERIC_STD.TO_INTEGER: metavalue detected, returning 0
at 85 ns(4), Instance /mbtest/uut/RAM/ : Warning: NUMERIC_STD.TO_INTEGER: metavalue detected, returning 0
at 95 ns(1), Instance /mbtest/uut/RAM/ : Warning: NUMERIC_STD.TO_INTEGER: metavalue detected, returning 0
at 95 ns(2), Instance /mbtest/uut/RAM/ : Warning: NUMERIC_STD.TO_INTEGER: metavalue detected, returning 0
at 125 ns(4), Instance /mbtest/uut/RAM/ : Warning: NUMERIC_STD.TO_INTEGER: metavalue detected, returning 0
at 135 ns(1), Instance /mbtest/uut/RAM/ : Warning: NUMERIC_STD.TO_INTEGER: metavalue detected, returning 0
at 155 ns(4), Instance /mbtest/uut/RAM/ : Warning: NUMERIC_STD.TO_INTEGER: metavalue detected, returning 0
at 165 ns(1), Instance /mbtest/uut/RAM/ : Warning: NUMERIC_STD.TO_INTEGER: metavalue detected, returning 0
at 175 ns(4), Instance /mbtest/uut/RAM/ : Warning: NUMERIC_STD.TO_INTEGER: metavalue detected, returning 0
at 185 ns(1), Instance /mbtest/uut/RAM/ : Warning: NUMERIC_STD.TO_INTEGER: metavalue detected, returning 0
at 185 ns(2), Instance /mbtest/uut/RAM/ : Warning: NUMERIC_STD.TO_INTEGER: metavalue detected, returning 0
at 195 ns(4), Instance /mbtest/uut/RAM/ : Warning: NUMERIC_STD.TO_INTEGER: metavalue detected, returning 0
at 205 ns(1), Instance /mbtest/uut/RAM/ : Warning: NUMERIC_STD.TO_INTEGER: metavalue detected, returning 0
at 205 ns(2), Instance /mbtest/uut/RAM/ : Warning: NUMERIC_STD.TO_INTEGER: metavalue detected, returning 0
at 215 ns(4), Instance /mbtest/uut/RAM/ : Warning: NUMERIC_STD.TO_INTEGER: metavalue detected, returning 0
at 225 ns(1), Instance /mbtest/uut/RAM/ : Warning: NUMERIC_STD.TO_INTEGER: metavalue detected, returning 0
at 225 ns(2), Instance /mbtest/uut/RAM/ : Warning: NUMERIC_STD.TO_INTEGER: metavalue detected, returning 0
at 255 ns(4), Instance /mbtest/uut/RAM/ : Warning: NUMERIC_STD.TO_INTEGER: metavalue detected, returning 0
at 265 ns(1), Instance /mbtest/uut/RAM/ : Warning: NUMERIC_STD.TO_INTEGER: metavalue detected, returning 0
at 275 ns(4), Instance /mbtest/uut/RAM/ : Warning: NUMERIC_STD.TO_INTEGER: metavalue detected, returning 0
at 285 ns(1), Instance /mbtest/uut/RAM/ : Warning: NUMERIC_STD.TO_INTEGER: metavalue detected, returning 0
at 285 ns(2), Instance /mbtest/uut/RAM/ : Warning: NUMERIC_STD.TO_INTEGER: metavalue detected, returning 0
at 365 ns(4), Instance /mbtest/uut/RAM/ : Warning: NUMERIC_STD.TO_INTEGER: metavalue detected, returning 0
at 375 ns(1), Instance /mbtest/uut/RAM/ : Warning: NUMERIC_STD.TO_INTEGER: metavalue detected, returning 0
at 375 ns(2), Instance /mbtest/uut/RAM/ : Warning: NUMERIC_STD.TO_INTEGER: metavalue detected, returning 0
at 405 ns(4), Instance /mbtest/uut/RAM/ : Warning: NUMERIC_STD.TO_INTEGER: metavalue detected, returning 0
at 415 ns(1), Instance /mbtest/uut/RAM/ : Warning: NUMERIC_STD.TO_INTEGER: metavalue detected, returning 0
at 415 ns(2), Instance /mbtest/uut/RAM/ : Warning: NUMERIC_STD.TO_INTEGER: metavalue detected, returning 0
at 465 ns(4), Instance /mbtest/uut/RAM/ : Warning: NUMERIC_STD.TO_INTEGER: metavalue detected, returning 0
at 475 ns(1), Instance /mbtest/uut/RAM/ : Warning: NUMERIC_STD.TO_INTEGER: metavalue detected, returning 0
at 475 ns(2), Instance /mbtest/uut/RAM/ : Warning: NUMERIC_STD.TO_INTEGER: metavalue detected, returning 0
at 505 ns(4), Instance /mbtest/uut/RAM/ : Warning: NUMERIC_STD.TO_INTEGER: metavalue detected, returning 0
at 515 ns(1), Instance /mbtest/uut/RAM/ : Warning: NUMERIC_STD.TO_INTEGER: metavalue detected, returning 0
at 515 ns(2), Instance /mbtest/uut/RAM/ : Warning: NUMERIC_STD.TO_INTEGER: metavalue detected, returning 0
at 565 ns(4), Instance /mbtest/uut/RAM/ : Warning: NUMERIC_STD.TO_INTEGER: metavalue detected, returning 0
at 575 ns(1), Instance /mbtest/uut/RAM/ : Warning: NUMERIC_STD.TO_INTEGER: metavalue detected, returning 0
at 575 ns(2), Instance /mbtest/uut/RAM/ : Warning: NUMERIC_STD.TO_INTEGER: metavalue detected, returning 0
at 605 ns(4), Instance /mbtest/uut/RAM/ : Warning: NUMERIC_STD.TO_INTEGER: metavalue detected, returning 0
at 615 ns(1), Instance /mbtest/uut/RAM/ : Warning: NUMERIC_STD.TO_INTEGER: metavalue detected, returning 0
at 615 ns(2), Instance /mbtest/uut/RAM/ : Warning: NUMERIC_STD.TO_INTEGER: metavalue detected, returning 0
at 635 ns(4), Instance /mbtest/uut/RAM/ : Warning: NUMERIC_STD.TO_INTEGER: metavalue detected, returning 0
at 645 ns(1), Instance /mbtest/uut/RAM/ : Warning: NUMERIC_STD.TO_INTEGER: metavalue detected, returning 0
at 645 ns(2), Instance /mbtest/uut/RAM/ : Warning: NUMERIC_STD.TO_INTEGER: metavalue detected, returning 0

** Failure:Simulation Finished
User(VHDL) Code Called Simulation Stop
In process MBtest.vhd:stim_proc 
 
INFO: Simulator is stopped.
